<?xml version="1.0" encoding="UTF-8"?>
<!-- Generated by org.testng.reporters.JUnitXMLReporter -->
<testsuite ignored="0" hostname="DESKTOP-BE1TI0T" failures="0" tests="2" name="LoginPage" time="0.03" errors="0" timestamp="2024-06-22T18:24:59 IST">
  <testcase classname="com.CRM.TestCases.BaseClass" name="setUpBrowser" time="0.001">
    <skipped/>
  </testcase> <!-- setUpBrowser -->
  <testcase classname="com.CRM.TestCases.LoginPageTest" name="validateLogin" time="0.0">
    <skipped/>
  </testcase> <!-- validateLogin -->
</testsuite> <!-- LoginPage -->
